{
  "RSpec": {
    "coverage": {
      "/home/wonderful-attribute-5483/tic-tac-toe-rb-online-web-sp-000/lib/tic_tac_toe.rb": [
        null,
        1,
        12,
        16,
        null,
        12,
        0,
        null,
        null,
        null,
        null,
        null,
        null,
        null,
        null,
        null,
        1,
        null,
        19,
        19,
        19,
        19,
        18,
        18,
        18,
        null,
        null,
        1,
        1,
        null,
        null,
        null,
        null,
        null,
        null,
        null,
        1,
        23,
        23,
        23,
        23,
        23,
        null,
        null,
        null,
        null,
        1,
        22,
        null,
        null,
        null,
        null,
        1,
        21,
        null,
        null,
        null,
        null,
        1,
        22,
        null,
        null,
        null,
        1,
        24,
        null,
        null,
        null,
        null,
        null,
        1,
        null,
        null,
        null,
        null,
        null,
        null,
        null,
        null,
        null,
        null,
        null,
        null,
        null,
        null,
        null,
        null,
        1,
        55,
        null,
        null,
        55,
        373,
        null,
        null,
        null,
        null,
        null,
        null,
        null,
        null,
        1,
        105,
        null,
        null,
        null,
        null,
        null,
        1,
        17,
        5,
        null,
        null,
        null,
        null,
        null,
        null,
        1,
        23,
        12,
        null,
        null,
        null,
        null,
        null,
        null,
        1,
        3,
        2,
        null,
        null,
        null,
        null,
        null,
        null,
        null,
        null,
        1,
        20,
        20,
        180,
        31,
        null,
        null,
        20,
        null,
        null,
        null,
        null,
        1,
        19,
        19,
        13,
        null,
        6,
        null,
        null
      ]
    },
    "timestamp": 1580258434
  }
}
