{
  "RSpec": {
    "coverage": {
      "/home/wonderful-attribute-5483/tic-tac-toe-rb-online-web-sp-000/lib/tic_tac_toe.rb": [
        null,
        1,
        null,
        null,
        null,
        null,
        null,
        null,
        null,
        null,
        null,
        1,
        null,
        3,
        3,
        3,
        3,
        2,
        2,
        2,
        null,
        null,
        1,
        1,
        null,
        null,
        null,
        null,
        null,
        null,
        null,
        1,
        7,
        7,
        7,
        7,
        7,
        null,
        null,
        null,
        null,
        1,
        6,
        6,
        null,
        null,
        null,
        1,
        5,
        null,
        null,
        null,
        null,
        1,
        6,
        4,
        null,
        2,
        null,
        null,
        null,
        null,
        1,
        8,
        8,
        null,
        null,
        null,
        null,
        null,
        null,
        1,
        null,
        null,
        null,
        null,
        null,
        null,
        null,
        null,
        null,
        null,
        null,
        null,
        null,
        null,
        null,
        null,
        1,
        19,
        null,
        null,
        19,
        131,
        null,
        null,
        null,
        null,
        null,
        null,
        null,
        null,
        1,
        50,
        null,
        null,
        null,
        null,
        null,
        1,
        8,
        3,
        null,
        null,
        null,
        null,
        null,
        null,
        1,
        6,
        4,
        null,
        null,
        null,
        null,
        null,
        null,
        1,
        3,
        2,
        null,
        null,
        null,
        null,
        null,
        null,
        null,
        null,
        1,
        4,
        4,
        36,
        5,
        null,
        null,
        4,
        null,
        null,
        null,
        null,
        1,
        3,
        3,
        3,
        null,
        0,
        null,
        null
      ]
    },
    "timestamp": 1580257754
  }
}
